09:11:53 [INFO] Opening target process: csgo.exe
09:11:53 [INFO] Starting signature scanning: 57 items
09:11:53 [INFO] Found signature: dwClientState => 0x58BFDC
09:11:53 [INFO] Found signature: dwClientState_GetLocalPlayer => 0x180
09:11:53 [INFO] Found signature: dwClientState_IsHLTV => 0x4D48
09:11:53 [INFO] Found signature: dwClientState_Map => 0x28C
09:11:53 [INFO] Found signature: dwClientState_MapDirectory => 0x188
09:11:53 [INFO] Found signature: dwClientState_MaxPlayer => 0x388
09:11:53 [INFO] Found signature: dwClientState_PlayerInfo => 0x52C0
09:11:53 [INFO] Found signature: dwClientState_State => 0x108
09:11:53 [INFO] Found signature: dwClientState_ViewAngles => 0x4D90
09:11:53 [INFO] Found signature: clientstate_delta_ticks => 0x174
09:11:53 [INFO] Found signature: clientstate_last_outgoing_command => 0x4D2C
09:11:53 [INFO] Found signature: clientstate_choked_commands => 0x4D30
09:11:53 [INFO] Found signature: clientstate_net_channel => 0x9C
09:11:53 [INFO] Found signature: dwEntityList => 0x4DD7AEC
09:11:53 [INFO] Found signature: dwForceAttack => 0x3207FE8
09:11:53 [INFO] Found signature: dwForceAttack2 => 0x3207FF4
09:11:53 [INFO] Found signature: dwForceBackward => 0x3208030
09:11:53 [INFO] Found signature: dwForceForward => 0x3208024
09:11:53 [INFO] Found signature: dwForceJump => 0x5281A34
09:11:53 [INFO] Found signature: dwForceLeft => 0x3207FA0
09:11:53 [INFO] Found signature: dwForceRight => 0x3207FAC
09:11:53 [INFO] Found signature: dwGameDir => 0x62A900
09:11:53 [INFO] Found signature: dwGameRulesProxy => 0x52F525C
09:11:53 [INFO] Found signature: dwGetAllClasses => 0xDE5DAC
09:11:53 [INFO] Found signature: dwGlobalVars => 0x58BCE0
09:11:53 [INFO] Found signature: dwGlowObjectManager => 0x53206F8
09:11:53 [INFO] Found signature: dwInput => 0x52290C0
09:11:53 [INFO] Found signature: dwInterfaceLinkList => 0x96C044
09:11:53 [INFO] Found signature: dwLocalPlayer => 0xDBB5CC
09:11:53 [INFO] Found signature: dwMouseEnable => 0xDC12D8
09:11:53 [INFO] Found signature: dwMouseEnablePtr => 0xDC12A8
09:11:53 [INFO] Found signature: dwPlayerResource => 0x3206350
09:11:53 [INFO] Found signature: dwRadarBase => 0x520C864
09:11:53 [INFO] Found signature: dwSensitivity => 0xDC1174
09:11:53 [INFO] Found signature: dwSensitivityPtr => 0xDC1148
09:11:53 [INFO] Found signature: dwSetClanTag => 0x8A320
09:11:53 [INFO] Found signature: dwViewMatrix => 0x4DC9404
09:11:53 [INFO] Found signature: dwWeaponTable => 0x5229B84
09:11:53 [INFO] Found signature: dwWeaponTableIndex => 0x326C
09:11:53 [INFO] Found signature: dwYawPtr => 0xDC0F38
09:11:53 [INFO] Found signature: dwZoomSensitivityRatioPtr => 0xDC7720
09:11:53 [INFO] Found signature: dwbSendPackets => 0xD82C2
09:11:53 [INFO] Found signature: dwppDirect3DDevice9 => 0xA5050
09:11:53 [INFO] Found signature: m_pStudioHdr => 0x2950
09:11:53 [INFO] Found signature: m_yawClassPtr => 0xDC0F38
09:11:53 [INFO] Found signature: m_pitchClassPtr => 0x520CB00
09:11:53 [INFO] Found signature: interface_engine_cvar => 0x3E9EC
09:11:53 [INFO] Found signature: convar_name_hash_table => 0x2F0F8
09:11:53 [INFO] Found signature: m_bDormant => 0xED
09:11:53 [INFO] Found signature: model_ambient_min => 0x58F054
09:11:53 [INFO] Found signature: set_abs_angles => 0x1E5990
09:11:53 [INFO] Found signature: set_abs_origin => 0x1E57D0
09:11:53 [INFO] Found signature: is_c4_owner => 0x3CA470
09:11:53 [INFO] Found signature: force_update_spectator_glow => 0x3BD3FA
09:11:53 [INFO] Found signature: anim_overlays => 0x2990
09:11:53 [INFO] Found signature: m_flSpawnTime => 0x103C0
09:11:53 [INFO] Found signature: find_hud_element => 0x2FD555B0
09:11:53 [INFO] Finished signature scanning: 57/57 items successful
09:11:53 [INFO] Starting netvar scanning: 93 items
09:11:53 [INFO] Found netvar: m_ArmorValue => 0x117CC
09:11:53 [INFO] Found netvar: m_Collision => 0x320
09:11:53 [INFO] Found netvar: m_CollisionGroup => 0x474
09:11:53 [INFO] Found netvar: m_Local => 0x2FCC
09:11:53 [INFO] Found netvar: m_MoveType => 0x25B
09:11:53 [INFO] Found netvar: m_OriginalOwnerXuidHigh => 0x31D4
09:11:53 [INFO] Found netvar: m_OriginalOwnerXuidLow => 0x31D0
09:11:53 [INFO] Found netvar: m_aimPunchAngle => 0x303C
09:11:53 [INFO] Found netvar: m_aimPunchAngleVel => 0x3048
09:11:53 [INFO] Found netvar: m_bGunGameImmunity => 0x9990
09:11:53 [INFO] Found netvar: m_bHasDefuser => 0x117DC
09:11:53 [INFO] Found netvar: m_bHasHelmet => 0x117C0
09:11:53 [INFO] Found netvar: m_bInReload => 0x3248
09:11:53 [INFO] Found netvar: m_bIsDefusing => 0x997C
09:11:53 [INFO] Found netvar: m_bIsScoped => 0x9974
09:11:53 [INFO] Found netvar: m_bSpotted => 0x93D
09:11:53 [INFO] Found netvar: m_bSpottedByMask => 0x980
09:11:53 [INFO] Found netvar: m_dwBoneMatrix => 0x268C
09:11:53 [INFO] Found netvar: m_fAccuracyPenalty => 0x3340
09:11:53 [INFO] Found netvar: m_fFlags => 0x104
09:11:53 [INFO] Found netvar: m_hViewModel => 0x3308
09:11:53 [INFO] Found netvar: m_flFallbackWear => 0x31E0
09:11:53 [INFO] Found netvar: m_flFlashDuration => 0x10470
09:11:53 [INFO] Found netvar: m_flFlashMaxAlpha => 0x1046C
09:11:53 [INFO] Found netvar: m_flNextPrimaryAttack => 0x3248
09:11:53 [INFO] Found netvar: m_hActiveWeapon => 0x2F08
09:11:53 [INFO] Found netvar: m_hMyWeapons => 0x2F08
09:11:53 [INFO] Found netvar: m_hObserverTarget => 0x339C
09:11:53 [INFO] Found netvar: m_hOwner => 0x29DC
09:11:53 [INFO] Found netvar: m_hOwnerEntity => 0x14C
09:11:53 [INFO] Found netvar: m_iAccountID => 0x2FD8
09:11:53 [INFO] Found netvar: m_iClip1 => 0x3274
09:11:53 [INFO] Found netvar: m_zoomLevel => 0x33E0
09:11:53 [INFO] Found netvar: m_iCompetitiveRanking => 0x1A84
09:11:53 [INFO] Found netvar: m_iCompetitiveWins => 0x1B88
09:11:53 [INFO] Found netvar: m_iCrosshairId => 0x117DC
09:11:53 [INFO] Found netvar: m_iEntityQuality => 0x2FBC
09:11:53 [INFO] Found netvar: m_iFOVStart => 0x31F8
09:11:53 [INFO] Found netvar: m_iGlowIndex => 0x10470
09:11:53 [INFO] Found netvar: m_iHealth => 0x100
09:11:53 [INFO] Found netvar: m_iItemDefinitionIndex => 0x2FBA
09:11:53 [INFO] Found netvar: m_iItemIDHigh => 0x2FD0
09:11:53 [INFO] Found netvar: m_iObserverMode => 0x3388
09:11:53 [INFO] Found netvar: m_iShotsFired => 0x103E0
09:11:53 [INFO] Found netvar: m_iState => 0x3268
09:11:53 [INFO] Found netvar: m_iTeamNum => 0xF4
09:11:53 [INFO] Found netvar: m_lifeState => 0x25F
09:11:53 [INFO] Found netvar: m_nFallbackPaintKit => 0x31D8
09:11:53 [INFO] Found netvar: m_nFallbackSeed => 0x31DC
09:11:53 [INFO] Found netvar: m_nFallbackStatTrak => 0x31E4
09:11:53 [INFO] Found netvar: m_iDefaultFOV => 0x333C
09:11:53 [INFO] Found netvar: m_iFOV => 0x31F4
09:11:53 [INFO] Found netvar: m_nForceBone => 0x268C
09:11:53 [INFO] Found netvar: m_nTickBase => 0x3440
09:11:53 [INFO] Found netvar: m_rgflCoordinateFrame => 0x474
09:11:53 [INFO] Found netvar: m_szCustomName => 0x304C
09:11:53 [INFO] Found netvar: m_szLastPlaceName => 0x35C4
09:11:53 [INFO] Found netvar: m_vecOrigin => 0x138
09:11:53 [INFO] Found netvar: m_vecVelocity => 0x114
09:11:53 [INFO] Found netvar: m_vecViewOffset => 0x108
09:11:53 [INFO] Found netvar: m_viewPunchAngle => 0x3030
09:11:53 [INFO] Found netvar: m_thirdPersonViewAngles => 0x31E4
09:11:53 [INFO] Found netvar: m_clrRender => 0x70
09:11:53 [INFO] Found netvar: m_bBombTicking => 0x2990
09:11:53 [INFO] Found netvar: m_bBombDefused => 0x29C0
09:11:53 [INFO] Found netvar: m_flC4Blow => 0x29A0
09:11:53 [INFO] Found netvar: m_hBombDefuser => 0x29C4
09:11:53 [INFO] Found netvar: m_flTimerLength => 0x29A4
09:11:53 [INFO] Found netvar: m_flDefuseLength => 0x29B8
09:11:53 [INFO] Found netvar: m_flDefuseCountDown => 0x29BC
09:11:53 [INFO] Found netvar: m_nBombSite => 0x2994
09:11:53 [INFO] Found netvar: cs_gamerules_data => 0x0
09:11:53 [INFO] Found netvar: m_SurvivalRules => 0xD00
09:11:53 [INFO] Found netvar: m_SurvivalGameRuleDecisionTypes => 0x1328
09:11:53 [INFO] Found netvar: m_bIsValveDS => 0x7C
09:11:53 [INFO] Found netvar: m_bFreezePeriod => 0x20
09:11:53 [INFO] Found netvar: m_bBombPlanted => 0x9A5
09:11:53 [INFO] Found netvar: m_bIsQueuedMatchmaking => 0x74
09:11:53 [INFO] Found netvar: m_flSimulationTime => 0x268
09:11:53 [INFO] Found netvar: m_flLowerBodyYawTarget => 0x9ADC
09:11:53 [INFO] Found netvar: m_angEyeAnglesX => 0x117D0
09:11:53 [INFO] Found netvar: m_angEyeAnglesY => 0x117D4
09:11:53 [INFO] Found netvar: m_flNextAttack => 0x2D80
09:11:53 [INFO] Found netvar: m_iMostRecentModelBoneCounter => 0x268C
09:11:53 [INFO] Found netvar: m_flLastBoneSetupTime => 0x28C0
09:11:53 [INFO] Found netvar: m_bStartedArming => 0x3400
09:11:53 [INFO] Found netvar: m_bUseCustomBloomScale => 0x9DA
09:11:53 [INFO] Found netvar: m_bUseCustomAutoExposureMin => 0x9D8
09:11:53 [INFO] Found netvar: m_bUseCustomAutoExposureMax => 0x9D9
09:11:53 [INFO] Found netvar: m_flCustomBloomScale => 0x9E4
09:11:53 [INFO] Found netvar: m_flCustomAutoExposureMin => 0x9DC
09:11:53 [INFO] Found netvar: m_flCustomAutoExposureMax => 0x9E0
09:11:53 [INFO] Found netvar: m_nViewModelIndex => 0x29D0
09:11:53 [INFO] Finished netvar scanning: 93/93 items successful
